  _prec.cpp
  approot.cpp
approot.cpp(293): warning C4800: 'BOOL': forcing value to bool 'true' or 'false' (performance warning)
approot.cpp(295): warning C4800: 'BOOL': forcing value to bool 'true' or 'false' (performance warning)
  dynamicicon.cpp
  fancontrol.cpp
fancontrol.cpp(332): warning C4996: '_itoa': This function or variable may be unsafe. Consider using _itoa_s instead. To disable deprecation, use _CRT_SECURE_NO_WARNINGS. See online help for details.
  C:\Program Files (x86)\Windows Kits\10\Include\10.0.10240.0\ucrt\stdlib.h(637): note: see declaration of '_itoa'
fancontrol.cpp(365): warning C4996: '_itoa': This function or variable may be unsafe. Consider using _itoa_s instead. To disable deprecation, use _CRT_SECURE_NO_WARNINGS. See online help for details.
  C:\Program Files (x86)\Windows Kits\10\Include\10.0.10240.0\ucrt\stdlib.h(637): note: see declaration of '_itoa'
fancontrol.cpp(389): warning C4996: 'GetVersionExA': was declared deprecated
  C:\Program Files (x86)\Windows Kits\8.1\Include\um\sysinfoapi.h(433): note: see declaration of 'GetVersionExA'
  fanstuff.cpp
fanstuff.cpp(122): warning C4474: 'sprintf_s' : too many arguments passed for format string
  fanstuff.cpp(122): note: placeholders and their parameters expect 0 variadic arguments, but 1 were provided
  portio.cpp
portio.cpp(92): warning C4996: 'sprintf': This function or variable may be unsafe. Consider using sprintf_s instead. To disable deprecation, use _CRT_SECURE_NO_WARNINGS. See online help for details.
  C:\Program Files (x86)\Windows Kits\10\Include\10.0.10240.0\ucrt\stdio.h(1769): note: see declaration of 'sprintf'
  SystemTraySDK.cpp
SystemTraySDK.cpp(126): warning C4996: 'GetVersionExA': was declared deprecated
  C:\Program Files (x86)\Windows Kits\8.1\Include\um\sysinfoapi.h(433): note: see declaration of 'GetVersionExA'
SystemTraySDK.cpp(174): warning C4996: 'GetVersion': was declared deprecated
  C:\Program Files (x86)\Windows Kits\8.1\Include\um\sysinfoapi.h(110): note: see declaration of 'GetVersion'
  winstuff.cpp
  misc.cpp
C:\Program Files (x86)\MSBuild\Microsoft.Cpp\v4.0\V140\Microsoft.CppBuild.targets(1189,5): warning MSB8012: TargetPath(C:\Users\conno\Downloads\TPFanControl-master\fancontrol\.\Release\fancontrol.exe) does not match the Linker's OutputFile property value (C:\Users\conno\Downloads\TPFanControl-master\fancontrol\Release\TPFanControl.exe). This may cause your project to build incorrectly. To correct this, please make sure that $(OutDir), $(TargetName) and $(TargetExt) property values match the value specified in %(Link.OutputFile).
C:\Program Files (x86)\MSBuild\Microsoft.Cpp\v4.0\V140\Microsoft.CppBuild.targets(1191,5): warning MSB8012: TargetName(fancontrol) does not match the Linker's OutputFile property value (TPFanControl). This may cause your project to build incorrectly. To correct this, please make sure that $(OutDir), $(TargetName) and $(TargetExt) property values match the value specified in %(Link.OutputFile).
  Generating code
  Finished generating code
TVicPort.lib(TVicPort.dll) : error LNK2026: module unsafe for SAFESEH image.
TVicPort.lib(TVicPort.dll) : error LNK2026: module unsafe for SAFESEH image.
TVicPort.lib(TVicPort.dll) : error LNK2026: module unsafe for SAFESEH image.
TVicPort.lib(TVicPort.dll) : error LNK2026: module unsafe for SAFESEH image.
TVicPort.lib(TVicPort.dll) : error LNK2026: module unsafe for SAFESEH image.
TVicPort.lib(TVicPort.dll) : error LNK2026: module unsafe for SAFESEH image.
.\Release/TPFanControl.exe : fatal error LNK1281: Unable to generate SAFESEH image.
