  _prec.cpp
  approot.cpp
  dynamicicon.cpp
  fancontrol.cpp
C:\Users\conno\Documents\GitHub\TPFanControl\fancontrol\fancontrol.cpp(332,2): warning C4996: '_itoa': This function or variable may be unsafe. Consider using _itoa_s instead. To disable deprecation, use _CRT_SECURE_NO_WARNINGS. See online help for details.
C:\Program Files (x86)\Windows Kits\10\Include\10.0.18362.0\ucrt\stdlib.h(640): message : see declaration of '_itoa'
C:\Users\conno\Documents\GitHub\TPFanControl\fancontrol\fancontrol.cpp(365,2): warning C4996: '_itoa': This function or variable may be unsafe. Consider using _itoa_s instead. To disable deprecation, use _CRT_SECURE_NO_WARNINGS. See online help for details.
C:\Program Files (x86)\Windows Kits\10\Include\10.0.18362.0\ucrt\stdlib.h(640): message : see declaration of '_itoa'
C:\Users\conno\Documents\GitHub\TPFanControl\fancontrol\fancontrol.cpp(389,2): warning C4996: 'GetVersionExA': was declared deprecated
C:\Program Files (x86)\Windows Kits\10\Include\10.0.18362.0\um\sysinfoapi.h(387): message : see declaration of 'GetVersionExA'
  fanstuff.cpp
C:\Users\conno\Documents\GitHub\TPFanControl\fancontrol\fanstuff.cpp(122,84): warning C4474: 'sprintf_s' : too many arguments passed for format string
C:\Users\conno\Documents\GitHub\TPFanControl\fancontrol\fanstuff.cpp(122,84): message : placeholders and their parameters expect 0 variadic arguments, but 1 were provided
  misc.cpp
  portio.cpp
C:\Users\conno\Documents\GitHub\TPFanControl\fancontrol\portio.cpp(92,1): warning C4996: 'sprintf': This function or variable may be unsafe. Consider using sprintf_s instead. To disable deprecation, use _CRT_SECURE_NO_WARNINGS. See online help for details.
C:\Program Files (x86)\Windows Kits\10\Include\10.0.18362.0\ucrt\stdio.h(1774): message : see declaration of 'sprintf'
  SystemTraySDK.cpp
C:\Users\conno\Documents\GitHub\TPFanControl\fancontrol\SystemTraySDK.cpp(126,1): warning C4996: 'GetVersionExA': was declared deprecated
C:\Program Files (x86)\Windows Kits\10\Include\10.0.18362.0\um\sysinfoapi.h(387): message : see declaration of 'GetVersionExA'
C:\Users\conno\Documents\GitHub\TPFanControl\fancontrol\SystemTraySDK.cpp(174,1): warning C4996: 'GetVersion': was declared deprecated
C:\Program Files (x86)\Windows Kits\10\Include\10.0.18362.0\um\sysinfoapi.h(144): message : see declaration of 'GetVersion'
  winstuff.cpp
  Generating Code...
  fancontrol.vcxproj -> C:\Users\conno\Documents\GitHub\TPFanControl\fancontrol\.\Debug\fancontrol.exe
