[4/5/18 2:42:42 PM] Current Config:
[4/5/18 2:42:42 PM]   Active= 1, Cycle= 5, FanBeep= 0 0, MaxReadErrors= 10
[4/5/18 2:42:42 PM]   IconLevels= 131 149 158, NoExtSensor= 0, Lev64Norm= 1
[4/5/18 2:42:42 PM]   Log2File= 1, Log2csv= 1, ShowAll= 0, IconColorFan= 1
[4/5/18 2:42:42 PM]   100캟->0, 120캟->1, 130캟->3, 140캟->7
[4/5/18 2:42:42 PM]   150캟->0, 160캟->1, 170캟->3, 180캟->7
[4/5/18 2:42:42 PM]   SensorOffset1-12= 0 6 0 0 0 0 0 0 0 0 0 0 캟
[4/5/18 2:42:42 PM]   IgnoreSensors= no5, ProcessPriority= 2, IconCycle= 1
[4/5/18 2:42:42 PM]   BluetoothEDR= 0, NoWaitMessage= 1, ShowBiasedTemps= 1
[4/5/18 2:42:42 PM]   ManModeExit= 162, SecWinUptime= 0, SecStartDelay= 0

[4/5/18 2:42:42 PM] Windows uptime since boot 21653 sec., SecWinUptime= 0 sec.
[4/5/18 2:42:54 PM] Change Mode from BIOS->Manual, setting fan speed
[4/5/18 2:42:54 PM] Fan: 0x80 / Switch: 257째F (123;257;0;0;0;0;0;0;0;0;0;0)
[4/5/18 2:42:54 PM] Manual: Set fan control to 0x00, Result: OK
[4/5/18 2:42:55 PM] Change Mode from Manual->Smart, recalculate fan speed
[4/5/18 2:42:55 PM] Fan: 0x00 / Switch: 257째F (123;257;0;0;0;0;0;0;0;0;0;0)
[4/5/18 2:42:55 PM] Smart: Set fan control to 0x07, Mode 1, Result: OK
[4/5/18 2:42:58 PM] Fan: 0x07 / Switch: 122째F (122;78;0;0;0;0;0;0;0;0;0;0)
[4/5/18 2:42:58 PM] Smart: Set fan control to 0x03, Mode 1, Result: OK
[4/5/18 2:43:02 PM] Change Mode from Smart->Manual, setting fan speed
[4/5/18 2:43:03 PM] Fan: 0x03 / Switch: 122째F (122;78;0;0;0;0;0;0;0;0;0;0)
[4/5/18 2:43:03 PM] Manual: Set fan control to 0x00, Result: OK
[4/5/18 2:43:09 PM] Change Mode from Manual->Smart, recalculate fan speed
[4/5/18 2:43:09 PM] Fan: 0x00 / Switch: 257째F (123;257;0;0;0;0;0;0;0;0;0;0)
[4/5/18 2:43:09 PM] Smart: Set fan control to 0x07, Mode 1, Result: OK
[4/5/18 2:43:13 PM] Change Mode from Smart->Manual, setting fan speed
[4/5/18 2:43:14 PM] Fan: 0x07 / Switch: 257째F (125;257;0;0;0;0;0;0;0;0;0;0)
[4/5/18 2:43:14 PM] Manual: Set fan control to 0x00, Result: OK
[4/5/18 2:43:15 PM] Change Mode from Manual->Smart, recalculate fan speed
[4/5/18 2:43:16 PM] Fan: 0x00 / Switch: 257째F (125;257;0;0;0;0;0;0;0;0;0;0)
[4/5/18 2:43:16 PM] Smart: Set fan control to 0x07, Mode 1, Result: OK
[4/5/18 2:43:16 PM] Change Mode from Smart->Manual, setting fan speed
[4/5/18 2:43:17 PM] Fan: 0x07 / Switch: 257째F (125;257;0;0;0;0;0;0;0;0;0;0)
[4/5/18 2:43:17 PM] Manual: Set fan control to 0x00, Result: OK
[4/5/18 2:43:25 PM] Change Mode from Manual->Smart, recalculate fan speed
[4/5/18 2:43:25 PM] Fan: 0x00 / Switch: 257째F (122;257;0;0;0;0;0;0;0;0;0;0)
[4/5/18 2:43:25 PM] Smart: Set fan control to 0x07, Mode 1, Result: OK
[4/5/18 2:43:25 PM] Change Mode from Smart->Manual, setting fan speed
[4/5/18 2:43:26 PM] Fan: 0x07 / Switch: 257째F (120;257;0;0;0;0;0;0;0;0;0;0)
[4/5/18 2:43:26 PM] Manual: Set fan control to 0x00, Result: OK
[4/5/18 2:43:26 PM] Change Mode from Manual->Smart, recalculate fan speed
[4/5/18 2:43:27 PM] Fan: 0x00 / Switch: 257째F (120;257;0;0;0;0;0;0;0;0;0;0)
[4/5/18 2:43:27 PM] Smart: Set fan control to 0x07, Mode 1, Result: OK
[4/5/18 2:43:27 PM] Change Mode from Smart->Manual, setting fan speed
[4/5/18 2:43:28 PM] Fan: 0x07 / Switch: 257째F (120;257;0;0;0;0;0;0;0;0;0;0)
[4/5/18 2:43:28 PM] Manual: Set fan control to 0x00, Result: OK
[4/5/18 2:43:30 PM] Change Mode from Manual->Smart, recalculate fan speed
[4/5/18 2:43:30 PM] Fan: 0x00 / Switch: 257째F (120;257;0;0;0;0;0;0;0;0;0;0)
[4/5/18 2:43:30 PM] Smart: Set fan control to 0x07, Mode 1, Result: OK
[4/5/18 2:43:32 PM] Change Mode from Smart->Manual, setting fan speed
[4/5/18 2:43:33 PM] Fan: 0x07 / Switch: 257째F (120;257;0;0;0;0;0;0;0;0;0;0)
[4/5/18 2:43:33 PM] Manual: Set fan control to 0x00, Result: OK
[4/5/18 2:43:33 PM] Change Mode from Manual->Smart, recalculate fan speed
[4/5/18 2:43:33 PM] Fan: 0x00 / Switch: 257째F (118;257;0;0;0;0;0;0;0;0;0;0)
[4/5/18 2:43:33 PM] Smart: Set fan control to 0x07, Mode 1, Result: OK
[4/5/18 2:43:54 PM] Change Mode from Smart->Manual, setting fan speed
[4/5/18 2:43:54 PM] Fan: 0x07 / Switch: 257째F (109;257;0;0;0;0;0;0;0;0;0;0)
[4/5/18 2:43:54 PM] Manual: Set fan control to 0x00, Result: OK
[4/5/18 2:43:55 PM] Change Mode from Manual->Smart, recalculate fan speed
[4/5/18 2:43:55 PM] Fan: 0x00 / Switch: 257째F (109;257;0;0;0;0;0;0;0;0;0;0)
[4/5/18 2:43:55 PM] Smart: Set fan control to 0x07, Mode 1, Result: OK
[4/5/18 2:44:00 PM] Activation of Fan Control Profile 'Smart Mode 2'
[4/5/18 2:44:11 PM] Change Mode from Smart->BIOS, setting fan speed
[4/5/18 2:44:11 PM] Fan: 0x07 / Switch: 257째F (104;257;0;0;0;0;0;0;0;0;0;0)
[4/5/18 2:44:11 PM] BIOS: Set fan control to 0x80, Result: OK
[4/5/18 2:47:02 PM] Change Mode from BIOS->Manual, setting fan speed
[4/5/18 2:47:03 PM] Fan: 0x80 / Switch: 257째F (105;257;0;0;0;0;0;0;0;0;0;0)
[4/5/18 2:47:03 PM] Manual: Set fan control to 0x00, Result: OK
[4/5/18 2:47:03 PM] Change Mode from Manual->Smart, recalculate fan speed
[4/5/18 2:47:04 PM] Fan: 0x00 / Switch: 257째F (105;257;0;0;0;0;0;0;0;0;0;0)
[4/5/18 2:47:04 PM] Smart: Set fan control to 0x07, Mode 2, Result: OK
[4/5/18 2:47:10 PM] Change Mode from Smart->Manual, setting fan speed
[4/5/18 2:47:11 PM] Fan: 0x07 / Switch: 257째F (104;257;0;0;0;0;0;0;0;0;0;0)
[4/5/18 2:47:11 PM] Manual: Set fan control to 0x00, Result: OK
[4/5/18 2:47:11 PM] Change Mode from Manual->Smart, recalculate fan speed
[4/5/18 2:47:11 PM] Fan: 0x00 / Switch: 257째F (104;257;0;0;0;0;0;0;0;0;0;0)
[4/5/18 2:47:11 PM] Smart: Set fan control to 0x07, Mode 2, Result: OK
[4/5/18 2:47:15 PM] Change Mode from Smart->BIOS, setting fan speed
[4/5/18 2:47:15 PM] Fan: 0x07 / Switch: 257째F (104;257;0;0;0;0;0;0;0;0;0;0)
[4/5/18 2:47:15 PM] BIOS: Set fan control to 0x80, Result: OK
[4/5/18 2:48:14 PM] Fan: 0x80 / Switch: 257째F (105;257;0;0;0;0;0;0;0;0;0;0)
[4/5/18 2:48:14 PM] On close: Set fan control to 0x80, Result: OK
[4/5/18 2:48:14 PM] Exiting ProcessDialog
[4/5/18 2:48:19 PM] Current Config:
[4/5/18 2:48:19 PM]   Active= 1, Cycle= 5, FanBeep= 0 0, MaxReadErrors= 10
[4/5/18 2:48:19 PM]   IconLevels= 131 149 158, NoExtSensor= 0, Lev64Norm= 1
[4/5/18 2:48:19 PM]   Log2File= 1, Log2csv= 1, ShowAll= 0, IconColorFan= 1
[4/5/18 2:48:19 PM]   100캟->0, 120캟->1, 130캟->3, 140캟->7
[4/5/18 2:48:19 PM]   150캟->0, 160캟->1, 170캟->3, 180캟->7
[4/5/18 2:48:19 PM]   SensorOffset1-12= 0 6 0 0 0 0 0 0 0 0 0 0 캟
[4/5/18 2:48:19 PM]   IgnoreSensors= no5, ProcessPriority= 2, IconCycle= 1
[4/5/18 2:48:19 PM]   BluetoothEDR= 0, NoWaitMessage= 1, ShowBiasedTemps= 1
[4/5/18 2:48:19 PM]   ManModeExit= 162, SecWinUptime= 0, SecStartDelay= 0

[4/5/18 2:48:19 PM] Windows uptime since boot 21990 sec., SecWinUptime= 0 sec.
[4/5/18 2:49:06 PM] Change Mode from BIOS->Smart, recalculate fan speed
[4/5/18 2:49:07 PM] Fan: 0x80 / Switch: 257째F (109;257;0;0;0;0;0;0;0;0;0;0)
[4/5/18 2:49:07 PM] Smart: Set fan control to 0x07, Mode 1, Result: OK
[4/5/18 2:49:35 PM] Change Mode from Smart->BIOS, setting fan speed
[4/5/18 2:49:35 PM] Fan: 0x07 / Switch: 257째F (102;257;0;0;0;0;0;0;0;0;0;0)
[4/5/18 2:49:35 PM] BIOS: Set fan control to 0x80, Result: OK
[4/5/18 2:50:29 PM] Change Mode from BIOS->Smart, recalculate fan speed
[4/5/18 2:50:29 PM] Fan: 0x80 / Switch: 257째F (105;257;0;0;0;0;0;0;0;0;0;0)
[4/5/18 2:50:29 PM] Smart: Set fan control to 0x07, Mode 1, Result: OK
[4/5/18 2:50:41 PM] Fan: 0x07 / Switch: 257째F (104;257;0;0;0;0;0;0;0;0;0;0)
[4/5/18 2:50:41 PM] On close: Set fan control to 0x80, Result: OK
[4/5/18 2:50:41 PM] Exiting ProcessDialog
[4/5/18 2:50:44 PM] Current Config:
[4/5/18 2:50:44 PM]   Active= 1, Cycle= 5, FanBeep= 0 0, MaxReadErrors= 10
[4/5/18 2:50:44 PM]   IconLevels= 131 149 158, NoExtSensor= 0, Lev64Norm= 1
[4/5/18 2:50:44 PM]   Log2File= 1, Log2csv= 1, ShowAll= 0, IconColorFan= 1
[4/5/18 2:50:44 PM]   100캟->0, 120캟->1, 130캟->3, 140캟->7
[4/5/18 2:50:44 PM]   150캟->0, 160캟->1, 170캟->3, 180캟->7
[4/5/18 2:50:44 PM]   SensorOffset1-12= 0 6 0 0 0 0 0 0 0 0 0 0 캟
[4/5/18 2:50:44 PM]   IgnoreSensors= no5, ProcessPriority= 2, IconCycle= 1
[4/5/18 2:50:44 PM]   BluetoothEDR= 0, NoWaitMessage= 1, ShowBiasedTemps= 1
[4/5/18 2:50:44 PM]   ManModeExit= 162, SecWinUptime= 0, SecStartDelay= 0

[4/5/18 2:50:44 PM] Windows uptime since boot 22135 sec., SecWinUptime= 0 sec.
[4/5/18 2:51:32 PM] Change Mode from BIOS->Smart, recalculate fan speed
[4/5/18 2:51:33 PM] Fan: 0x80 / Switch: 257째F (104;257;0;0;0;0;0;0;0;0;0;0)
[4/5/18 2:51:33 PM] Smart: Set fan control to 0x07, Mode 1, Result: OK
[4/5/18 2:51:37 PM] Change Mode from Smart->BIOS, setting fan speed
[4/5/18 2:51:37 PM] Fan: 0x07 / Switch: 257째F (104;257;0;0;0;0;0;0;0;0;0;0)
[4/5/18 2:51:37 PM] BIOS: Set fan control to 0x80, Result: OK
[4/5/18 2:52:39 PM] Change Mode from BIOS->Smart, recalculate fan speed
[4/5/18 2:52:39 PM] Fan: 0x80 / Switch: 257째F (107;257;0;0;0;0;0;0;0;0;0;0)
[4/5/18 2:52:39 PM] Smart: Set fan control to 0x07, Mode 1, Result: OK
[4/5/18 2:53:10 PM] Change Mode from Smart->BIOS, setting fan speed
[4/5/18 2:53:10 PM] Fan: 0x07 / Switch: 257째F (104;257;0;0;0;0;0;0;0;0;0;0)
[4/5/18 2:53:10 PM] BIOS: Set fan control to 0x80, Result: OK
[4/5/18 2:53:19 PM] Fan: 0x80 / Switch: 257째F (104;257;0;0;0;0;0;0;0;0;0;0)
[4/5/18 2:53:19 PM] On close: Set fan control to 0x80, Result: OK
[4/5/18 2:53:19 PM] Exiting ProcessDialog
[4/5/18 2:55:01 PM] Current Config:
[4/5/18 2:55:01 PM]   Active= 1, Cycle= 5, FanBeep= 0 0, MaxReadErrors= 10
[4/5/18 2:55:01 PM]   IconLevels= 131 149 158, NoExtSensor= 0, Lev64Norm= 1
[4/5/18 2:55:01 PM]   Log2File= 1, Log2csv= 1, ShowAll= 0, IconColorFan= 1
[4/5/18 2:55:01 PM]   100캟->0, 120캟->1, 130캟->3, 140캟->7
[4/5/18 2:55:01 PM]   150캟->0, 160캟->1, 170캟->3, 180캟->7
[4/5/18 2:55:01 PM]   SensorOffset1-12= 0 0 0 0 0 0 0 0 0 0 0 0 캟
[4/5/18 2:55:01 PM]   IgnoreSensors= no5, ProcessPriority= 2, IconCycle= 1
[4/5/18 2:55:01 PM]   BluetoothEDR= 0, NoWaitMessage= 1, ShowBiasedTemps= 1
[4/5/18 2:55:01 PM]   ManModeExit= 162, SecWinUptime= 0, SecStartDelay= 0

[4/5/18 2:55:01 PM] Windows uptime since boot 22391 sec., SecWinUptime= 0 sec.
[4/5/18 2:55:23 PM] Change Mode from BIOS->Manual, setting fan speed
[4/5/18 2:55:24 PM] Fan: 0x80 / Switch: 127째F (127;0;0;0;0;0;0;0;0;0;0;0)
[4/5/18 2:55:24 PM] Manual: Set fan control to 0x00, Result: OK
[4/5/18 2:55:39 PM] Change Mode from Manual->Smart, recalculate fan speed
[4/5/18 2:55:39 PM] Fan: 0x00 / Switch: 122째F (122;0;0;0;0;0;0;0;0;0;0;0)
[4/5/18 2:55:39 PM] Smart: Set fan control to 0x01, Mode 1, Result: OK
[4/5/18 2:55:46 PM] Change Mode from Smart->Manual, setting fan speed
[4/5/18 2:55:46 PM] Fan: 0x01 / Switch: 111째F (111;0;0;0;0;0;0;0;0;0;0;0)
[4/5/18 2:55:46 PM] Manual: Set fan control to 0x00, Result: OK
[4/5/18 2:56:01 PM] Change Mode from Manual->BIOS, setting fan speed
[4/5/18 2:56:01 PM] Fan: 0x00 / Switch: 109째F (109;0;0;0;0;0;0;0;0;0;0;0)
[4/5/18 2:56:01 PM] BIOS: Set fan control to 0x80, Result: OK
[4/5/18 2:56:29 PM] Change Mode from BIOS->Smart, recalculate fan speed
[4/5/18 2:56:30 PM] Fan: 0x80 / Switch: 109째F (109;0;0;0;0;0;0;0;0;0;0;0)
[4/5/18 2:56:30 PM] Smart: Set fan control to 0x00, Mode 1, Result: OK
[4/5/18 2:56:32 PM] Change Mode from Smart->BIOS, setting fan speed
[4/5/18 2:56:33 PM] Fan: 0x00 / Switch: 109째F (109;0;0;0;0;0;0;0;0;0;0;0)
[4/5/18 2:56:33 PM] BIOS: Set fan control to 0x80, Result: OK
[4/5/18 2:56:46 PM] Change Mode from BIOS->Smart, recalculate fan speed
[4/5/18 2:56:46 PM] Fan: 0x80 / Switch: 109째F (109;0;0;0;0;0;0;0;0;0;0;0)
[4/5/18 2:56:46 PM] Smart: Set fan control to 0x00, Mode 1, Result: OK
[4/5/18 2:56:50 PM] Change Mode from Smart->BIOS, setting fan speed
[4/5/18 2:56:51 PM] Fan: 0x00 / Switch: 109째F (109;0;0;0;0;0;0;0;0;0;0;0)
[4/5/18 2:56:51 PM] BIOS: Set fan control to 0x80, Result: OK
[4/5/18 2:56:53 PM] Fan: 0x80 / Switch: 109째F (109;0;0;0;0;0;0;0;0;0;0;0)
[4/5/18 2:56:53 PM] On close: Set fan control to 0x80, Result: OK
[4/5/18 2:56:53 PM] Exiting ProcessDialog
[4/5/18 2:57:05 PM] Current Config:
[4/5/18 2:57:05 PM]   Active= 1, Cycle= 5, FanBeep= 0 0, MaxReadErrors= 10
[4/5/18 2:57:05 PM]   IconLevels= 131 149 158, NoExtSensor= 0, Lev64Norm= 1
[4/5/18 2:57:05 PM]   Log2File= 1, Log2csv= 1, ShowAll= 0, IconColorFan= 1
[4/5/18 2:57:05 PM]   100캟->0, 120캟->1, 130캟->3, 140캟->7
[4/5/18 2:57:05 PM]   150캟->0, 160캟->1, 170캟->3, 180캟->7
[4/5/18 2:57:05 PM]   SensorOffset1-12= 0 0 0 0 0 0 0 0 0 0 0 0 캟
[4/5/18 2:57:05 PM]   IgnoreSensors= no5, ProcessPriority= 2, IconCycle= 1
[4/5/18 2:57:05 PM]   BluetoothEDR= 0, NoWaitMessage= 1, ShowBiasedTemps= 1
[4/5/18 2:57:05 PM]   ManModeExit= 162, SecWinUptime= 0, SecStartDelay= 0

[4/5/18 2:57:06 PM] Windows uptime since boot 22516 sec., SecWinUptime= 0 sec.
[4/5/18 2:57:14 PM] Fan: 0x80 / Switch: 109째F (109;0;0;0;0;0;0;0;0;0;0;0)
[4/5/18 2:57:14 PM] On close: Set fan control to 0x80, Result: OK
[4/5/18 2:57:14 PM] Exiting ProcessDialog
[4/5/18 2:57:57 PM] Current Config:
[4/5/18 2:57:57 PM]   Active= 1, Cycle= 5, FanBeep= 0 0, MaxReadErrors= 10
[4/5/18 2:57:57 PM]   IconLevels= 131 149 158, NoExtSensor= 0, Lev64Norm= 1
[4/5/18 2:57:57 PM]   Log2File= 1, Log2csv= 1, ShowAll= 0, IconColorFan= 1
[4/5/18 2:57:57 PM]   100캟->0, 120캟->1, 130캟->3, 140캟->7
[4/5/18 2:57:57 PM]   150캟->0, 160캟->1, 170캟->3, 180캟->7
[4/5/18 2:57:57 PM]   SensorOffset1-12= 0 0 0 0 0 0 0 0 0 0 0 0 캟
[4/5/18 2:57:57 PM]   IgnoreSensors= no5, ProcessPriority= 2, IconCycle= 1
[4/5/18 2:57:57 PM]   BluetoothEDR= 0, NoWaitMessage= 1, ShowBiasedTemps= 1
[4/5/18 2:57:57 PM]   ManModeExit= 162, SecWinUptime= 0, SecStartDelay= 0

[4/5/18 2:57:57 PM] Windows uptime since boot 22568 sec., SecWinUptime= 0 sec.
[4/5/18 2:58:03 PM] Fan: 0x80 / Switch: 109째F (109;0;0;0;0;0;0;0;0;0;0;0)
[4/5/18 2:58:03 PM] On close: Set fan control to 0x80, Result: OK
[4/5/18 2:58:03 PM] Exiting ProcessDialog
[4/5/18 2:59:13 PM] Current Config:
[4/5/18 2:59:13 PM]   Active= 1, Cycle= 5, FanBeep= 0 0, MaxReadErrors= 10
[4/5/18 2:59:13 PM]   IconLevels= 131 149 158, NoExtSensor= 0, Lev64Norm= 1
[4/5/18 2:59:13 PM]   Log2File= 1, Log2csv= 1, ShowAll= 0, IconColorFan= 1
[4/5/18 2:59:13 PM]   100캟->0, 120캟->1, 130캟->3, 140캟->7
[4/5/18 2:59:13 PM]   150캟->0, 160캟->1, 170캟->3, 180캟->7
[4/5/18 2:59:13 PM]   SensorOffset1-12= 0 0 0 0 0 0 0 0 0 0 0 0 캟
[4/5/18 2:59:13 PM]   IgnoreSensors= no5, ProcessPriority= 2, IconCycle= 1
[4/5/18 2:59:13 PM]   BluetoothEDR= 0, NoWaitMessage= 1, ShowBiasedTemps= 1
[4/5/18 2:59:13 PM]   ManModeExit= 162, SecWinUptime= 0, SecStartDelay= 0

[4/5/18 2:59:13 PM] Windows uptime since boot 22643 sec., SecWinUptime= 0 sec.
[4/5/18 2:59:35 PM] Fan: 0x80 / Switch: 109째F (109;0;0;0;0;0;0;0;0;0;0;0)
[4/5/18 2:59:35 PM] On close: Set fan control to 0x80, Result: OK
[4/5/18 2:59:35 PM] Exiting ProcessDialog
[4/5/18 2:59:47 PM] Current Config:
[4/5/18 2:59:47 PM]   Active= 2, Cycle= 5, FanBeep= 0 0, MaxReadErrors= 10
[4/5/18 2:59:47 PM]   IconLevels= 131 149 158, NoExtSensor= 0, Lev64Norm= 1
[4/5/18 2:59:47 PM]   Log2File= 1, Log2csv= 1, ShowAll= 0, IconColorFan= 1
[4/5/18 2:59:47 PM]   100캟->0, 120캟->1, 130캟->3, 140캟->7
[4/5/18 2:59:47 PM]   150캟->0, 160캟->1, 170캟->3, 180캟->7
[4/5/18 2:59:47 PM]   SensorOffset1-12= 0 0 0 0 0 0 0 0 0 0 0 0 캟
[4/5/18 2:59:47 PM]   IgnoreSensors= no5, ProcessPriority= 2, IconCycle= 1
[4/5/18 2:59:47 PM]   BluetoothEDR= 0, NoWaitMessage= 1, ShowBiasedTemps= 1
[4/5/18 2:59:47 PM]   ManModeExit= 162, SecWinUptime= 0, SecStartDelay= 0

[4/5/18 2:59:47 PM] Windows uptime since boot 22678 sec., SecWinUptime= 0 sec.
[4/5/18 2:59:47 PM] failed to read temps , EC is not ready for TWR
[4/5/18 2:59:47 PM] failed to read temps , EC is not ready for TWR
[4/5/18 2:59:47 PM] failed to read temps , EC is not ready for TWR
[4/5/18 2:59:48 PM] Warning: can't read Status, read error count = 0
[4/5/18 2:59:48 PM] We will close to BIOS-Mode after 10 consecutive read errors
[4/5/18 2:59:52 PM] failed to read temps , EC is not ready for TWR
[4/5/18 2:59:52 PM] failed to read temps , EC is not ready for TWR
[4/5/18 2:59:52 PM] failed to read temps , EC is not ready for TWR
[4/5/18 2:59:53 PM] Warning: can't read Status, read error count = 1
[4/5/18 2:59:53 PM] We will close to BIOS-Mode after 10 consecutive read errors
[4/5/18 2:59:57 PM] failed to read temps , EC is not ready for TWR
[4/5/18 2:59:57 PM] failed to read temps , EC is not ready for TWR
[4/5/18 2:59:57 PM] failed to read temps , EC is not ready for TWR
[4/5/18 2:59:58 PM] Warning: can't read Status, read error count = 2
[4/5/18 2:59:58 PM] We will close to BIOS-Mode after 10 consecutive read errors
[4/5/18 3:00:02 PM] failed to read temps , EC is not ready for TWR
[4/5/18 3:00:02 PM] failed to read temps , EC is not ready for TWR
[4/5/18 3:00:02 PM] failed to read temps , EC is not ready for TWR
[4/5/18 3:00:03 PM] Warning: can't read Status, read error count = 3
[4/5/18 3:00:03 PM] We will close to BIOS-Mode after 10 consecutive read errors
[4/5/18 3:00:07 PM] failed to read temps , EC is not ready for TWR
[4/5/18 3:00:07 PM] failed to read temps , EC is not ready for TWR
[4/5/18 3:00:07 PM] failed to read temps , EC is not ready for TWR
[4/5/18 3:00:08 PM] Warning: can't read Status, read error count = 4
[4/5/18 3:00:08 PM] We will close to BIOS-Mode after 10 consecutive read errors
[4/5/18 3:00:12 PM] failed to read temps , EC is not ready for TWR
[4/5/18 3:00:12 PM] failed to read temps , EC is not ready for TWR
[4/5/18 3:00:12 PM] failed to read temps , EC is not ready for TWR
[4/5/18 3:00:13 PM] Warning: can't read Status, read error count = 5
[4/5/18 3:00:13 PM] We will close to BIOS-Mode after 10 consecutive read errors

[4/5/18 3:00:15 PM] On close: Set fan control to 0x80, Result: OK
[4/5/18 3:00:15 PM] Exiting ProcessDialog
